| distributed init (rank 0): env://
| distributed init (rank 1): env://
Namespace(amp=True, aux=True, batch_size=4, data_path='../../../../input', device='cuda', dist_backend='nccl', dist_url='env://', distributed=True, epochs=20, gpu=0, lr=0.0001, momentum=0.9, num_classes=20, output_dir='./multi_train', print_freq=20, rank=0, resume='', start_epoch=0, sync_bn=False, test_only=False, weight_decay=0.0001, workers=4, world_size=2)
Creating data loaders
Creating model
Start training
Epoch: [0]  [  0/183]  eta: 0:13:19  lr: 0.000001  loss: 1.9790 (1.9790)  time: 4.3670  data: 0.3922  max mem: 3628
Epoch: [0]  [ 20/183]  eta: 0:03:06  lr: 0.000012  loss: 0.2636 (1.0820)  time: 0.9836  data: 0.0050  max mem: 3896
Epoch: [0]  [ 40/183]  eta: 0:02:31  lr: 0.000022  loss: 1.0019 (1.1385)  time: 0.9751  data: 0.0046  max mem: 3896
Epoch: [0]  [ 60/183]  eta: 0:02:05  lr: 0.000033  loss: 0.4615 (1.1318)  time: 0.9379  data: 0.0044  max mem: 3896
Epoch: [0]  [ 80/183]  eta: 0:01:43  lr: 0.000044  loss: 0.8566 (1.2105)  time: 0.9391  data: 0.0045  max mem: 3896
Epoch: [0]  [100/183]  eta: 0:01:22  lr: 0.000055  loss: 2.3870 (1.1733)  time: 0.9477  data: 0.0053  max mem: 3896
Epoch: [0]  [120/183]  eta: 0:01:01  lr: 0.000066  loss: 0.2063 (1.1314)  time: 0.9505  data: 0.0047  max mem: 3896
Epoch: [0]  [140/183]  eta: 0:00:42  lr: 0.000077  loss: 0.3634 (1.1956)  time: 0.9575  data: 0.0046  max mem: 3896
Epoch: [0]  [160/183]  eta: 0:00:22  lr: 0.000088  loss: 1.2849 (1.1562)  time: 0.9628  data: 0.0046  max mem: 3896
Epoch: [0]  [180/183]  eta: 0:00:02  lr: 0.000099  loss: 0.4689 (1.1302)  time: 0.9752  data: 0.0044  max mem: 3896
Epoch: [0] Total time: 0:02:58
Test:  [  0/725]  eta: 0:04:33    time: 0.3768  data: 0.2901  max mem: 3896
Test:  [100/725]  eta: 0:00:44    time: 0.0699  data: 0.0029  max mem: 3896
Test:  [200/725]  eta: 0:00:36    time: 0.0675  data: 0.0028  max mem: 3896
Test:  [300/725]  eta: 0:00:29    time: 0.0721  data: 0.0029  max mem: 3896
Test:  [400/725]  eta: 0:00:22    time: 0.0651  data: 0.0027  max mem: 3896
Test:  [500/725]  eta: 0:00:15    time: 0.0734  data: 0.0031  max mem: 3896
Test:  [600/725]  eta: 0:00:08    time: 0.0685  data: 0.0030  max mem: 3896
Test:  [700/725]  eta: 0:00:01    time: 0.0672  data: 0.0028  max mem: 3896
Test: Total time: 0:00:50
global correct: 93.3
average row correct: ['97.1', '89.3', '76.2', '83.0', '71.6', '54.7', '92.6', '80.8', '91.9', '53.5', '80.7', '61.8', '82.8', '81.8', '86.8', '95.5', '59.5', '85.2', '68.3', '84.8', '79.6']
IoU: ['93.1', '85.2', '38.5', '79.8', '66.3', '51.9', '88.6', '73.5', '81.7', '40.1', '74.3', '52.0', '71.9', '75.1', '78.6', '85.8', '53.7', '76.3', '50.3', '81.3', '73.3']
mean IoU: 70.1
Epoch: [1]  [  0/183]  eta: 0:03:50  lr: 0.000100  loss: 0.5425 (0.5425)  time: 1.2619  data: 0.3784  max mem: 3896
Epoch: [1]  [ 20/183]  eta: 0:02:41  lr: 0.000099  loss: 0.5195 (0.7832)  time: 0.9765  data: 0.0045  max mem: 3896
Epoch: [1]  [ 40/183]  eta: 0:02:20  lr: 0.000099  loss: 1.7376 (0.8117)  time: 0.9676  data: 0.0049  max mem: 3896
Epoch: [1]  [ 60/183]  eta: 0:02:00  lr: 0.000098  loss: 0.6798 (0.9197)  time: 0.9812  data: 0.0047  max mem: 3896
Epoch: [1]  [ 80/183]  eta: 0:01:40  lr: 0.000098  loss: 0.4379 (0.8718)  time: 0.9739  data: 0.0049  max mem: 3896
Epoch: [1]  [100/183]  eta: 0:01:20  lr: 0.000097  loss: 0.3715 (0.8681)  time: 0.9639  data: 0.0045  max mem: 3896
Epoch: [1]  [120/183]  eta: 0:01:01  lr: 0.000097  loss: 0.2955 (0.8844)  time: 0.9976  data: 0.0050  max mem: 3896
Epoch: [1]  [140/183]  eta: 0:00:42  lr: 0.000096  loss: 0.9424 (0.8799)  time: 0.9726  data: 0.0045  max mem: 3896
Epoch: [1]  [160/183]  eta: 0:00:22  lr: 0.000096  loss: 0.7687 (0.8818)  time: 0.9972  data: 0.0047  max mem: 3896
Epoch: [1]  [180/183]  eta: 0:00:02  lr: 0.000095  loss: 0.7145 (0.8718)  time: 0.9914  data: 0.0050  max mem: 3896
Epoch: [1] Total time: 0:02:59
Test:  [  0/725]  eta: 0:04:35    time: 0.3807  data: 0.3116  max mem: 3896
Test:  [100/725]  eta: 0:00:45    time: 0.0691  data: 0.0029  max mem: 3896
Test:  [200/725]  eta: 0:00:37    time: 0.0682  data: 0.0029  max mem: 3896
Test:  [300/725]  eta: 0:00:29    time: 0.0734  data: 0.0032  max mem: 3896
Test:  [400/725]  eta: 0:00:22    time: 0.0691  data: 0.0028  max mem: 3896
Test:  [500/725]  eta: 0:00:15    time: 0.0721  data: 0.0028  max mem: 3896
Test:  [600/725]  eta: 0:00:08    time: 0.0678  data: 0.0027  max mem: 3896
Test:  [700/725]  eta: 0:00:01    time: 0.0662  data: 0.0027  max mem: 3896
Test: Total time: 0:00:50
global correct: 93.2
average row correct: ['96.5', '91.2', '78.5', '79.1', '79.0', '65.8', '91.9', '83.8', '95.2', '58.8', '81.8', '66.3', '79.7', '77.3', '89.1', '94.6', '66.9', '86.6', '67.9', '90.8', '85.6']
IoU: ['93.2', '85.2', '39.4', '76.2', '69.2', '60.6', '87.9', '75.2', '78.7', '39.5', '72.1', '53.6', '69.5', '72.2', '77.1', '86.7', '55.5', '71.3', '49.3', '82.8', '71.7']
mean IoU: 69.9
Epoch: [2]  [  0/183]  eta: 0:04:11  lr: 0.000095  loss: 0.3118 (0.3118)  time: 1.3718  data: 0.3859  max mem: 3896
Epoch: [2]  [ 20/183]  eta: 0:02:43  lr: 0.000095  loss: 0.5605 (0.6222)  time: 0.9817  data: 0.0047  max mem: 3896
Epoch: [2]  [ 40/183]  eta: 0:02:22  lr: 0.000094  loss: 1.5800 (0.6557)  time: 0.9953  data: 0.0051  max mem: 3896
Epoch: [2]  [ 60/183]  eta: 0:02:02  lr: 0.000094  loss: 2.3926 (0.7186)  time: 0.9825  data: 0.0049  max mem: 3896
Epoch: [2]  [ 80/183]  eta: 0:01:42  lr: 0.000093  loss: 0.5558 (0.7512)  time: 1.0002  data: 0.0046  max mem: 3896
Epoch: [2]  [100/183]  eta: 0:01:22  lr: 0.000093  loss: 0.6085 (0.7463)  time: 0.9914  data: 0.0052  max mem: 3896
Epoch: [2]  [120/183]  eta: 0:01:02  lr: 0.000092  loss: 0.4758 (0.7834)  time: 0.9900  data: 0.0048  max mem: 3896
Epoch: [2]  [140/183]  eta: 0:00:42  lr: 0.000092  loss: 0.5838 (0.7995)  time: 1.0023  data: 0.0049  max mem: 3896
Epoch: [2]  [160/183]  eta: 0:00:22  lr: 0.000091  loss: 1.3798 (0.7882)  time: 0.9983  data: 0.0045  max mem: 3896
Epoch: [2]  [180/183]  eta: 0:00:02  lr: 0.000091  loss: 0.2085 (0.7724)  time: 0.9840  data: 0.0047  max mem: 3896
Epoch: [2] Total time: 0:03:02
Test:  [  0/725]  eta: 0:04:42    time: 0.3891  data: 0.3229  max mem: 3896
Test:  [100/725]  eta: 0:00:45    time: 0.0695  data: 0.0028  max mem: 3896
Test:  [200/725]  eta: 0:00:36    time: 0.0674  data: 0.0030  max mem: 3896
Test:  [300/725]  eta: 0:00:29    time: 0.0708  data: 0.0032  max mem: 3896
Test:  [400/725]  eta: 0:00:22    time: 0.0662  data: 0.0028  max mem: 3896
Test:  [500/725]  eta: 0:00:15    time: 0.0736  data: 0.0029  max mem: 3896
Test:  [600/725]  eta: 0:00:08    time: 0.0678  data: 0.0028  max mem: 3896
Test:  [700/725]  eta: 0:00:01    time: 0.0664  data: 0.0028  max mem: 3896
Test: Total time: 0:00:50
global correct: 93.1
average row correct: ['96.2', '91.9', '79.0', '80.1', '77.8', '76.3', '91.6', '85.2', '94.4', '59.4', '64.8', '67.5', '82.1', '80.6', '85.7', '94.9', '74.4', '87.5', '71.6', '91.7', '87.1']
IoU: ['93.2', '87.3', '39.7', '76.9', '67.9', '67.5', '87.9', '75.3', '78.5', '40.5', '62.2', '55.2', '67.6', '71.2', '78.4', '86.7', '55.8', '65.7', '49.5', '83.0', '70.9']
mean IoU: 69.6
Epoch: [3]  [  0/183]  eta: 0:03:49  lr: 0.000090  loss: 0.4550 (0.4550)  time: 1.2529  data: 0.4016  max mem: 3896
Epoch: [3]  [ 20/183]  eta: 0:02:44  lr: 0.000090  loss: 0.5607 (0.6819)  time: 0.9950  data: 0.0044  max mem: 3896
Epoch: [3]  [ 40/183]  eta: 0:02:23  lr: 0.000089  loss: 1.1729 (0.8502)  time: 0.9986  data: 0.0044  max mem: 3896
Epoch: [3]  [ 60/183]  eta: 0:02:02  lr: 0.000089  loss: 0.9300 (0.7802)  time: 0.9874  data: 0.0042  max mem: 3896
Epoch: [3]  [ 80/183]  eta: 0:01:42  lr: 0.000088  loss: 0.9849 (0.8399)  time: 0.9930  data: 0.0044  max mem: 3896
Epoch: [3]  [100/183]  eta: 0:01:22  lr: 0.000088  loss: 0.5751 (0.8394)  time: 0.9918  data: 0.0044  max mem: 3896
Epoch: [3]  [120/183]  eta: 0:01:02  lr: 0.000087  loss: 0.2167 (0.8098)  time: 0.9879  data: 0.0043  max mem: 3896
Epoch: [3]  [140/183]  eta: 0:00:42  lr: 0.000087  loss: 1.3203 (0.8156)  time: 0.9788  data: 0.0041  max mem: 3896
Epoch: [3]  [160/183]  eta: 0:00:22  lr: 0.000086  loss: 0.8172 (0.7877)  time: 0.9529  data: 0.0046  max mem: 3896
Epoch: [3]  [180/183]  eta: 0:00:02  lr: 0.000086  loss: 0.3924 (0.8027)  time: 0.9710  data: 0.0042  max mem: 3896
Epoch: [3] Total time: 0:03:00
Test:  [  0/725]  eta: 0:55:28    time: 4.5907  data: 0.5113  max mem: 3896
Test:  [100/725]  eta: 0:02:48    time: 0.0676  data: 0.0027  max mem: 3896
Test:  [200/725]  eta: 0:02:30    time: 0.0658  data: 0.0027  max mem: 3896
Test:  [300/725]  eta: 0:02:04    time: 0.0709  data: 0.0030  max mem: 3896
Test:  [400/725]  eta: 0:01:36    time: 0.0642  data: 0.0025  max mem: 3896
Test:  [500/725]  eta: 0:01:07    time: 0.0726  data: 0.0029  max mem: 3896
Test:  [600/725]  eta: 0:00:37    time: 0.0681  data: 0.0030  max mem: 3896
Test:  [700/725]  eta: 0:00:07    time: 0.6603  data: 0.0030  max mem: 3896
Test: Total time: 0:03:31
global correct: 92.6
average row correct: ['96.4', '89.7', '77.8', '77.9', '81.2', '74.2', '90.7', '82.9', '95.3', '58.1', '64.1', '68.9', '72.2', '64.6', '85.3', '95.1', '73.2', '86.8', '72.1', '82.5', '88.6']
IoU: ['93.1', '84.9', '39.4', '74.9', '68.2', '67.0', '84.6', '75.5', '72.2', '40.4', '57.7', '55.2', '59.7', '61.7', '77.3', '86.6', '57.4', '63.5', '50.7', '77.9', '68.9']
mean IoU: 67.5
Epoch: [4]  [  0/183]  eta: 0:03:40  lr: 0.000086  loss: 0.6771 (0.6771)  time: 1.2075  data: 0.3084  max mem: 3896
Epoch: [4]  [ 20/183]  eta: 0:03:27  lr: 0.000085  loss: 0.9238 (0.6863)  time: 1.2759  data: 0.0041  max mem: 3896
Epoch: [4]  [ 40/183]  eta: 0:02:39  lr: 0.000085  loss: 1.4862 (0.7131)  time: 0.9461  data: 0.0040  max mem: 3896
Epoch: [4]  [ 60/183]  eta: 0:02:10  lr: 0.000084  loss: 0.7017 (0.6573)  time: 0.9471  data: 0.0040  max mem: 3896
Epoch: [4]  [ 80/183]  eta: 0:01:47  lr: 0.000084  loss: 0.2536 (0.6944)  time: 0.9803  data: 0.0040  max mem: 3896
Epoch: [4]  [100/183]  eta: 0:01:27  lr: 0.000083  loss: 0.7554 (0.7245)  time: 1.1019  data: 0.0040  max mem: 3896
Epoch: [4]  [120/183]  eta: 0:01:05  lr: 0.000082  loss: 1.5123 (0.7906)  time: 0.9748  data: 0.0041  max mem: 3896
Epoch: [4]  [140/183]  eta: 0:00:44  lr: 0.000082  loss: 0.6023 (0.7821)  time: 0.9768  data: 0.0041  max mem: 3896
Epoch: [4]  [160/183]  eta: 0:00:23  lr: 0.000081  loss: 0.1020 (0.7677)  time: 0.9570  data: 0.0040  max mem: 3896
Epoch: [4]  [180/183]  eta: 0:00:03  lr: 0.000081  loss: 0.7758 (0.7800)  time: 0.9774  data: 0.0039  max mem: 3896
Epoch: [4] Total time: 0:03:05
Test:  [  0/725]  eta: 0:30:11    time: 2.4981  data: 0.2648  max mem: 3896
Test:  [100/725]  eta: 0:03:00    time: 0.0685  data: 0.0027  max mem: 3896
Test:  [200/725]  eta: 0:02:36    time: 0.0679  data: 0.0028  max mem: 3896
Test:  [300/725]  eta: 0:02:08    time: 0.6681  data: 0.0030  max mem: 3896
Test:  [400/725]  eta: 0:01:35    time: 0.4639  data: 0.0028  max mem: 3896
Test:  [500/725]  eta: 0:01:02    time: 0.0739  data: 0.0027  max mem: 3896
Test:  [600/725]  eta: 0:00:35    time: 0.0679  data: 0.0027  max mem: 3896
Test:  [700/725]  eta: 0:00:07    time: 0.6629  data: 0.0031  max mem: 3896
Test: Total time: 0:03:23
global correct: 92.7
average row correct: ['96.3', '84.1', '77.6', '75.9', '77.9', '78.1', '89.5', '86.3', '95.9', '59.0', '72.0', '71.3', '70.5', '70.1', '87.5', '94.6', '69.9', '76.7', '72.8', '86.5', '87.5']
IoU: ['93.2', '81.9', '40.0', '73.2', '66.5', '68.4', '84.6', '75.5', '69.0', '40.6', '61.9', '56.1', '58.0', '65.8', '77.4', '87.4', '56.4', '66.0', '49.8', '79.7', '71.7']
mean IoU: 67.8
Epoch: [5]  [  0/183]  eta: 0:08:40  lr: 0.000081  loss: 0.3324 (0.3324)  time: 2.8467  data: 1.9611  max mem: 3896
Epoch: [5]  [ 20/183]  eta: 0:03:23  lr: 0.000080  loss: 1.1432 (0.7006)  time: 1.1705  data: 0.0052  max mem: 3896
Epoch: [5]  [ 40/183]  eta: 0:02:38  lr: 0.000080  loss: 0.5457 (0.6466)  time: 0.9552  data: 0.0047  max mem: 3896
Epoch: [5]  [ 60/183]  eta: 0:02:11  lr: 0.000079  loss: 0.6742 (0.6837)  time: 0.9907  data: 0.0051  max mem: 3896
Epoch: [5]  [ 80/183]  eta: 0:01:47  lr: 0.000079  loss: 1.0779 (0.7826)  time: 0.9587  data: 0.0051  max mem: 3896
Epoch: [5]  [100/183]  eta: 0:01:25  lr: 0.000078  loss: 0.2571 (0.7750)  time: 0.9706  data: 0.0049  max mem: 3896
Epoch: [5]  [120/183]  eta: 0:01:03  lr: 0.000078  loss: 1.0205 (0.7660)  time: 0.9504  data: 0.0049  max mem: 3896
Epoch: [5]  [140/183]  eta: 0:00:43  lr: 0.000077  loss: 0.5286 (0.7258)  time: 0.9940  data: 0.0053  max mem: 3896
Epoch: [5]  [160/183]  eta: 0:00:23  lr: 0.000077  loss: 0.8892 (0.7296)  time: 0.9662  data: 0.0047  max mem: 3896
Epoch: [5]  [180/183]  eta: 0:00:03  lr: 0.000076  loss: 0.5043 (0.7279)  time: 0.9581  data: 0.0046  max mem: 3896
Epoch: [5] Total time: 0:03:03
Test:  [  0/725]  eta: 0:19:55    time: 1.6491  data: 0.2499  max mem: 3896
Test:  [100/725]  eta: 0:02:06    time: 0.0682  data: 0.0029  max mem: 3896
Test:  [200/725]  eta: 0:02:13    time: 0.0677  data: 0.0029  max mem: 3896
Test:  [300/725]  eta: 0:01:55    time: 0.6661  data: 0.0034  max mem: 3896
Test:  [400/725]  eta: 0:01:21    time: 0.0649  data: 0.0028  max mem: 3896
Test:  [500/725]  eta: 0:00:58    time: 0.0729  data: 0.0029  max mem: 3896
Test:  [600/725]  eta: 0:00:33    time: 0.0690  data: 0.0030  max mem: 3896
Test:  [700/725]  eta: 0:00:06    time: 0.6606  data: 0.0030  max mem: 3896
Test: Total time: 0:03:13
global correct: 92.6
average row correct: ['96.7', '86.7', '76.1', '72.9', '80.1', '76.6', '94.7', '84.9', '95.8', '53.9', '57.5', '69.4', '66.9', '65.2', '85.2', '94.5', '71.3', '84.1', '71.6', '82.5', '88.1']
IoU: ['93.4', '83.6', '39.7', '70.9', '67.6', '68.0', '86.2', '76.5', '68.8', '40.2', '52.1', '56.1', '54.2', '61.3', '77.5', '87.5', '57.4', '62.0', '50.8', '78.3', '70.7']
mean IoU: 66.8
Epoch: [6]  [  0/183]  eta: 0:04:09  lr: 0.000076  loss: 0.3748 (0.3748)  time: 1.3607  data: 0.4015  max mem: 3896
Epoch: [6]  [ 20/183]  eta: 0:03:07  lr: 0.000075  loss: 0.4475 (0.9057)  time: 1.1368  data: 0.0044  max mem: 3896
Epoch: [6]  [ 40/183]  eta: 0:02:33  lr: 0.000075  loss: 0.6321 (0.8110)  time: 0.9892  data: 0.0044  max mem: 3896
Epoch: [6]  [ 60/183]  eta: 0:02:07  lr: 0.000074  loss: 0.5618 (0.7093)  time: 0.9630  data: 0.0047  max mem: 3896
Epoch: [6]  [ 80/183]  eta: 0:01:45  lr: 0.000074  loss: 0.2539 (0.7082)  time: 0.9909  data: 0.0048  max mem: 3896
Epoch: [6]  [100/183]  eta: 0:01:24  lr: 0.000073  loss: 0.6516 (0.7057)  time: 0.9801  data: 0.0046  max mem: 3896
Epoch: [6]  [120/183]  eta: 0:01:03  lr: 0.000073  loss: 1.7979 (0.7117)  time: 1.0051  data: 0.0045  max mem: 3896
Epoch: [6]  [140/183]  eta: 0:00:43  lr: 0.000072  loss: 0.1688 (0.6902)  time: 0.9503  data: 0.0047  max mem: 3896
Epoch: [6]  [160/183]  eta: 0:00:23  lr: 0.000072  loss: 0.3227 (0.6847)  time: 0.9865  data: 0.0047  max mem: 3896
Epoch: [6]  [180/183]  eta: 0:00:02  lr: 0.000071  loss: 1.3818 (0.6890)  time: 0.9748  data: 0.0048  max mem: 3896
Epoch: [6] Total time: 0:03:02
Test:  [  0/725]  eta: 0:30:22    time: 2.5136  data: 0.3064  max mem: 3896
Test:  [100/725]  eta: 0:02:12    time: 0.0687  data: 0.0029  max mem: 3896
Test:  [200/725]  eta: 0:02:15    time: 0.0664  data: 0.0027  max mem: 3896
Test:  [300/725]  eta: 0:01:56    time: 0.6651  data: 0.0032  max mem: 3896
Test:  [400/725]  eta: 0:01:22    time: 0.0678  data: 0.0026  max mem: 3896
Test:  [500/725]  eta: 0:00:59    time: 0.0724  data: 0.0028  max mem: 3896
Test:  [600/725]  eta: 0:00:33    time: 0.0670  data: 0.0028  max mem: 3896
Test:  [700/725]  eta: 0:00:06    time: 0.6632  data: 0.0030  max mem: 3896
Test: Total time: 0:03:15
global correct: 92.8
average row correct: ['96.8', '85.9', '74.8', '70.0', '76.6', '80.4', '80.9', '84.6', '90.3', '54.3', '47.7', '72.4', '86.3', '75.9', '85.3', '94.4', '70.8', '72.0', '70.9', '91.6', '85.9']
IoU: ['93.5', '83.4', '39.7', '68.4', '66.9', '70.2', '78.7', '76.2', '76.3', '40.6', '46.0', '57.0', '58.7', '65.3', '76.8', '87.8', '56.7', '62.7', '51.4', '76.7', '74.5']
mean IoU: 67.0
Epoch: [7]  [  0/183]  eta: 0:04:02  lr: 0.000071  loss: 0.7826 (0.7826)  time: 1.3265  data: 0.3302  max mem: 3896
Epoch: [7]  [ 20/183]  eta: 0:03:02  lr: 0.000071  loss: 0.4737 (0.5641)  time: 1.1091  data: 0.0044  max mem: 3896
Epoch: [7]  [ 40/183]  eta: 0:02:28  lr: 0.000070  loss: 0.3578 (0.6257)  time: 0.9468  data: 0.0041  max mem: 3896
Epoch: [7]  [ 60/183]  eta: 0:02:04  lr: 0.000069  loss: 0.7085 (0.6397)  time: 0.9624  data: 0.0043  max mem: 3896
Epoch: [7]  [ 80/183]  eta: 0:01:43  lr: 0.000069  loss: 0.1073 (0.6508)  time: 0.9719  data: 0.0043  max mem: 3896
Epoch: [7]  [100/183]  eta: 0:01:23  lr: 0.000068  loss: 0.5053 (0.6772)  time: 1.0003  data: 0.0045  max mem: 3896
Epoch: [7]  [120/183]  eta: 0:01:02  lr: 0.000068  loss: 0.7319 (0.6819)  time: 0.9584  data: 0.0046  max mem: 3896
Epoch: [7]  [140/183]  eta: 0:00:42  lr: 0.000067  loss: 0.6852 (0.6819)  time: 0.9762  data: 0.0044  max mem: 3896
Epoch: [7]  [160/183]  eta: 0:00:22  lr: 0.000067  loss: 0.4210 (0.6750)  time: 0.9485  data: 0.0043  max mem: 3896
Epoch: [7]  [180/183]  eta: 0:00:02  lr: 0.000066  loss: 0.2795 (0.6751)  time: 0.9694  data: 0.0042  max mem: 3896
Epoch: [7] Total time: 0:03:00
Test:  [  0/725]  eta: 0:19:39    time: 1.6270  data: 0.2859  max mem: 3896
Test:  [100/725]  eta: 0:02:31    time: 0.0684  data: 0.0029  max mem: 3896
Test:  [200/725]  eta: 0:02:24    time: 0.0673  data: 0.0030  max mem: 3896
Test:  [300/725]  eta: 0:02:01    time: 0.6664  data: 0.0034  max mem: 3896
Test:  [400/725]  eta: 0:01:28    time: 0.2691  data: 0.0030  max mem: 3896
Test:  [500/725]  eta: 0:01:00    time: 0.0745  data: 0.0033  max mem: 3896
Test:  [600/725]  eta: 0:00:34    time: 0.0675  data: 0.0029  max mem: 3896
Test:  [700/725]  eta: 0:00:07    time: 0.6625  data: 0.0035  max mem: 3896
Test: Total time: 0:03:18
global correct: 92.5
average row correct: ['96.7', '84.6', '76.8', '72.2', '69.7', '79.7', '92.1', '85.0', '94.9', '54.6', '56.7', '70.9', '75.8', '49.7', '79.6', '94.6', '70.8', '84.3', '71.7', '79.2', '88.9']
IoU: ['93.3', '81.9', '40.0', '70.1', '62.3', '69.5', '83.1', '76.4', '73.4', '41.4', '49.3', '57.3', '56.6', '47.9', '74.7', '87.3', '57.3', '61.9', '51.7', '73.0', '66.7']
mean IoU: 65.5
Epoch: [8]  [  0/183]  eta: 0:04:13  lr: 0.000066  loss: 1.7075 (1.7075)  time: 1.3861  data: 0.3541  max mem: 3896
Epoch: [8]  [ 20/183]  eta: 0:03:01  lr: 0.000066  loss: 0.4191 (0.7725)  time: 1.0995  data: 0.0042  max mem: 3896
Epoch: [8]  [ 40/183]  eta: 0:02:29  lr: 0.000065  loss: 0.7876 (0.7285)  time: 0.9705  data: 0.0043  max mem: 3896
Epoch: [8]  [ 60/183]  eta: 0:02:05  lr: 0.000064  loss: 0.5425 (0.6612)  time: 0.9787  data: 0.0047  max mem: 3896
Epoch: [8]  [ 80/183]  eta: 0:01:43  lr: 0.000064  loss: 0.1817 (0.6131)  time: 0.9680  data: 0.0046  max mem: 3896
Epoch: [8]  [100/183]  eta: 0:01:24  lr: 0.000063  loss: 0.4473 (0.6415)  time: 1.0821  data: 0.0045  max mem: 3896
Epoch: [8]  [120/183]  eta: 0:01:03  lr: 0.000063  loss: 0.3802 (0.6258)  time: 0.9634  data: 0.0044  max mem: 3896
Epoch: [8]  [140/183]  eta: 0:00:43  lr: 0.000062  loss: 0.2533 (0.6163)  time: 0.9827  data: 0.0048  max mem: 3896
Epoch: [8]  [160/183]  eta: 0:00:23  lr: 0.000062  loss: 0.1879 (0.6288)  time: 0.9794  data: 0.0046  max mem: 3896
Epoch: [8]  [180/183]  eta: 0:00:03  lr: 0.000061  loss: 3.0288 (0.6515)  time: 0.9634  data: 0.0044  max mem: 3896
Epoch: [8] Total time: 0:03:03
Test:  [  0/725]  eta: 0:26:07    time: 2.1621  data: 0.3385  max mem: 3896
Test:  [100/725]  eta: 0:02:09    time: 0.0696  data: 0.0029  max mem: 3896
Test:  [200/725]  eta: 0:02:14    time: 0.0675  data: 0.0031  max mem: 3896
Test:  [300/725]  eta: 0:01:56    time: 0.6682  data: 0.0033  max mem: 3896
Test:  [400/725]  eta: 0:01:21    time: 0.0661  data: 0.0030  max mem: 3896
Test:  [500/725]  eta: 0:00:59    time: 0.0731  data: 0.0033  max mem: 3896
Test:  [600/725]  eta: 0:00:33    time: 0.6641  data: 0.0034  max mem: 3896
Test:  [700/725]  eta: 0:00:06    time: 0.0677  data: 0.0031  max mem: 3896
Test: Total time: 0:03:14
global correct: 91.8
average row correct: ['96.6', '93.2', '74.1', '73.4', '71.8', '81.0', '78.0', '87.5', '93.8', '60.3', '49.1', '69.4', '66.7', '44.0', '78.5', '95.1', '70.9', '63.8', '72.4', '77.4', '88.3']
IoU: ['93.0', '85.5', '39.9', '69.8', '64.0', '69.8', '74.3', '73.3', '65.5', '41.0', '42.3', '57.1', '47.3', '42.8', '74.2', '86.7', '58.5', '56.2', '49.2', '72.2', '72.0']
mean IoU: 63.6
Epoch: [9]  [  0/183]  eta: 0:03:55  lr: 0.000061  loss: 0.9212 (0.9212)  time: 1.2868  data: 0.3459  max mem: 3896
Epoch: [9]  [ 20/183]  eta: 0:02:56  lr: 0.000061  loss: 1.1075 (0.6455)  time: 1.0721  data: 0.0993  max mem: 3896
Epoch: [9]  [ 40/183]  eta: 0:02:26  lr: 0.000060  loss: 2.0168 (0.6607)  time: 0.9648  data: 0.0048  max mem: 3896
Epoch: [9]  [ 60/183]  eta: 0:02:03  lr: 0.000059  loss: 0.2594 (0.6792)  time: 0.9665  data: 0.0047  max mem: 3896
Epoch: [9]  [ 80/183]  eta: 0:01:42  lr: 0.000059  loss: 0.4377 (0.6930)  time: 0.9579  data: 0.0045  max mem: 3896
Epoch: [9]  [100/183]  eta: 0:01:22  lr: 0.000058  loss: 0.4763 (0.6858)  time: 0.9795  data: 0.0057  max mem: 3896
Epoch: [9]  [120/183]  eta: 0:01:02  lr: 0.000058  loss: 0.2677 (0.6735)  time: 1.0006  data: 0.0073  max mem: 3896
Epoch: [9]  [140/183]  eta: 0:00:42  lr: 0.000057  loss: 1.5674 (0.6699)  time: 0.9642  data: 0.0045  max mem: 3896
Epoch: [9]  [160/183]  eta: 0:00:22  lr: 0.000057  loss: 0.8443 (0.6626)  time: 0.9645  data: 0.0049  max mem: 3896
Epoch: [9]  [180/183]  eta: 0:00:02  lr: 0.000056  loss: 0.6726 (0.6690)  time: 0.9441  data: 0.0047  max mem: 3896
Epoch: [9] Total time: 0:02:59
Test:  [  0/725]  eta: 0:32:25    time: 2.6839  data: 0.2380  max mem: 3896
Test:  [100/725]  eta: 0:02:37    time: 0.0692  data: 0.0029  max mem: 3896
Test:  [200/725]  eta: 0:02:26    time: 0.0679  data: 0.0029  max mem: 3896
Test:  [300/725]  eta: 0:02:02    time: 0.6662  data: 0.0036  max mem: 3896
Test:  [400/725]  eta: 0:01:25    time: 0.0673  data: 0.0029  max mem: 3896
Test:  [500/725]  eta: 0:01:01    time: 0.0734  data: 0.0033  max mem: 3896
Test:  [600/725]  eta: 0:00:34    time: 0.2644  data: 0.0033  max mem: 3896
Test:  [700/725]  eta: 0:00:07    time: 0.6627  data: 0.0033  max mem: 3896
Test: Total time: 0:03:19
global correct: 92.6
average row correct: ['96.9', '86.9', '71.9', '73.6', '60.4', '78.8', '90.1', '85.1', '95.3', '54.6', '56.4', '70.4', '69.3', '71.6', '87.9', '94.7', '68.9', '74.4', '69.8', '77.4', '89.0']
IoU: ['93.4', '84.0', '40.2', '71.4', '56.5', '69.9', '82.1', '76.4', '69.4', '40.2', '52.2', '56.7', '54.3', '62.8', '77.0', '87.4', '57.6', '63.9', '50.1', '72.8', '68.7']
mean IoU: 66.1
Epoch: [10]  [  0/183]  eta: 0:03:50  lr: 0.000056  loss: 0.4481 (0.4481)  time: 1.2603  data: 0.3374  max mem: 3896
Epoch: [10]  [ 20/183]  eta: 0:03:02  lr: 0.000056  loss: 0.4361 (0.6217)  time: 1.1114  data: 0.0047  max mem: 3896
Epoch: [10]  [ 40/183]  eta: 0:02:27  lr: 0.000055  loss: 1.3521 (0.6748)  time: 0.9470  data: 0.0042  max mem: 3896
Epoch: [10]  [ 60/183]  eta: 0:02:04  lr: 0.000054  loss: 0.3544 (0.7324)  time: 0.9569  data: 0.0047  max mem: 3896
Epoch: [10]  [ 80/183]  eta: 0:01:42  lr: 0.000054  loss: 0.6207 (0.7065)  time: 0.9633  data: 0.0049  max mem: 3896
Epoch: [10]  [100/183]  eta: 0:01:24  lr: 0.000053  loss: 0.7558 (0.6767)  time: 1.1250  data: 0.0049  max mem: 3896
Epoch: [10]  [120/183]  eta: 0:01:03  lr: 0.000053  loss: 1.5101 (0.6816)  time: 0.9713  data: 0.0048  max mem: 3896
Epoch: [10]  [140/183]  eta: 0:00:43  lr: 0.000052  loss: 0.3616 (0.6869)  time: 0.9812  data: 0.0048  max mem: 3896
Epoch: [10]  [160/183]  eta: 0:00:23  lr: 0.000052  loss: 0.9016 (0.6690)  time: 0.9791  data: 0.0045  max mem: 3896
Epoch: [10]  [180/183]  eta: 0:00:03  lr: 0.000051  loss: 0.5425 (0.6783)  time: 0.9589  data: 0.0047  max mem: 3896
Epoch: [10] Total time: 0:03:03
Test:  [  0/725]  eta: 0:15:07    time: 1.2523  data: 0.2293  max mem: 3896
Test:  [100/725]  eta: 0:02:03    time: 0.0689  data: 0.0027  max mem: 3896
Test:  [200/725]  eta: 0:02:12    time: 0.0663  data: 0.0030  max mem: 3896
Test:  [300/725]  eta: 0:01:54    time: 0.6654  data: 0.0034  max mem: 3896
Test:  [400/725]  eta: 0:01:20    time: 0.0654  data: 0.0028  max mem: 3896
Test:  [500/725]  eta: 0:00:58    time: 0.0727  data: 0.0027  max mem: 3896
Test:  [600/725]  eta: 0:00:33    time: 0.6615  data: 0.0030  max mem: 3896
Test:  [700/725]  eta: 0:00:06    time: 0.2670  data: 0.0029  max mem: 3896
Test: Total time: 0:03:13
global correct: 92.1
average row correct: ['96.6', '79.1', '70.6', '69.6', '75.9', '80.3', '82.6', '86.2', '94.3', '54.0', '46.0', '71.6', '70.9', '70.8', '78.4', '95.1', '69.4', '62.8', '73.5', '80.9', '89.2']
IoU: ['93.1', '77.4', '39.4', '67.3', '64.2', '70.0', '77.3', '73.8', '67.2', '40.6', '42.8', '58.2', '51.0', '61.0', '73.4', '87.2', '57.6', '57.4', '50.1', '72.7', '67.7']
mean IoU: 64.3
Epoch: [11]  [  0/183]  eta: 0:03:54  lr: 0.000051  loss: 0.7380 (0.7380)  time: 1.2814  data: 0.3473  max mem: 3896
Epoch: [11]  [ 20/183]  eta: 0:03:04  lr: 0.000050  loss: 0.5180 (0.6724)  time: 1.1215  data: 0.0043  max mem: 3896
Epoch: [11]  [ 40/183]  eta: 0:02:29  lr: 0.000050  loss: 1.2215 (0.6410)  time: 0.9588  data: 0.0045  max mem: 3896
Epoch: [11]  [ 60/183]  eta: 0:02:06  lr: 0.000049  loss: 0.4609 (0.6284)  time: 0.9844  data: 0.0045  max mem: 3896
Epoch: [11]  [ 80/183]  eta: 0:01:44  lr: 0.000049  loss: 1.0817 (0.6259)  time: 0.9777  data: 0.0043  max mem: 3896
Epoch: [11]  [100/183]  eta: 0:01:23  lr: 0.000048  loss: 0.3737 (0.6263)  time: 0.9697  data: 0.0043  max mem: 3896
Epoch: [11]  [120/183]  eta: 0:01:02  lr: 0.000048  loss: 1.2940 (0.6417)  time: 0.9632  data: 0.0044  max mem: 3896
Epoch: [11]  [140/183]  eta: 0:00:42  lr: 0.000047  loss: 0.3752 (0.6345)  time: 0.9644  data: 0.0047  max mem: 3896
Epoch: [11]  [160/183]  eta: 0:00:22  lr: 0.000047  loss: 0.2568 (0.6163)  time: 0.9670  data: 0.0047  max mem: 3896
Epoch: [11]  [180/183]  eta: 0:00:02  lr: 0.000046  loss: 1.7358 (0.6292)  time: 0.9900  data: 0.0049  max mem: 3896
Epoch: [11] Total time: 0:03:01
Test:  [  0/725]  eta: 0:06:46    time: 0.5610  data: 0.2868  max mem: 3896
Test:  [100/725]  eta: 0:02:24    time: 0.0707  data: 0.0032  max mem: 3896
Test:  [200/725]  eta: 0:02:21    time: 0.2662  data: 0.0033  max mem: 3896
Test:  [300/725]  eta: 0:01:59    time: 0.6684  data: 0.0032  max mem: 3896
Test:  [400/725]  eta: 0:01:23    time: 0.0669  data: 0.0030  max mem: 3896
Test:  [500/725]  eta: 0:01:00    time: 0.0723  data: 0.0030  max mem: 3896
Test:  [600/725]  eta: 0:00:34    time: 0.6615  data: 0.0036  max mem: 3896
Test:  [700/725]  eta: 0:00:06    time: 0.0669  data: 0.0030  max mem: 3896
Test: Total time: 0:03:16
global correct: 91.8
average row correct: ['96.7', '86.3', '72.2', '64.5', '71.0', '77.8', '87.2', '87.4', '97.0', '54.2', '35.2', '71.7', '48.7', '72.8', '81.3', '95.1', '70.5', '63.1', '70.0', '87.0', '87.9']
IoU: ['93.3', '82.9', '40.4', '61.0', '62.6', '69.0', '82.3', '76.1', '59.1', '40.3', '33.6', '57.3', '37.6', '58.3', '75.3', '86.2', '57.7', '54.8', '50.3', '76.3', '71.9']
mean IoU: 63.2
Epoch: [12]  [  0/183]  eta: 0:04:09  lr: 0.000046  loss: 0.4026 (0.4026)  time: 1.3613  data: 0.4277  max mem: 3896
Epoch: [12]  [ 20/183]  eta: 0:02:38  lr: 0.000045  loss: 0.6417 (0.7142)  time: 0.9552  data: 0.0042  max mem: 3896
Epoch: [12]  [ 40/183]  eta: 0:02:18  lr: 0.000045  loss: 0.3708 (0.7009)  time: 0.9632  data: 0.0046  max mem: 3896
Epoch: [12]  [ 60/183]  eta: 0:01:59  lr: 0.000044  loss: 0.4923 (0.6792)  time: 0.9786  data: 0.0042  max mem: 3896
Epoch: [12]  [ 80/183]  eta: 0:01:40  lr: 0.000044  loss: 0.9418 (0.6905)  time: 0.9750  data: 0.0041  max mem: 3896
Epoch: [12]  [100/183]  eta: 0:01:21  lr: 0.000043  loss: 0.1702 (0.6803)  time: 0.9882  data: 0.0043  max mem: 3896
Epoch: [12]  [120/183]  eta: 0:01:01  lr: 0.000042  loss: 2.4058 (0.6831)  time: 0.9905  data: 0.0040  max mem: 3896
Epoch: [12]  [140/183]  eta: 0:00:41  lr: 0.000042  loss: 0.2138 (0.6656)  time: 0.9656  data: 0.0040  max mem: 3896
Epoch: [12]  [160/183]  eta: 0:00:22  lr: 0.000041  loss: 0.8440 (0.6562)  time: 0.9677  data: 0.0044  max mem: 3896
Epoch: [12]  [180/183]  eta: 0:00:02  lr: 0.000041  loss: 0.2882 (0.6730)  time: 0.9626  data: 0.0042  max mem: 3896
Epoch: [12] Total time: 0:02:58
Test:  [  0/725]  eta: 0:42:55    time: 3.5523  data: 0.3236  max mem: 3896
Test:  [100/725]  eta: 0:02:42    time: 0.0687  data: 0.0027  max mem: 3896
Test:  [200/725]  eta: 0:02:28    time: 0.0678  data: 0.0031  max mem: 3896
Test:  [300/725]  eta: 0:02:03    time: 0.6696  data: 0.0032  max mem: 3896
Test:  [400/725]  eta: 0:01:26    time: 0.0659  data: 0.0026  max mem: 3896
Test:  [500/725]  eta: 0:01:01    time: 0.0737  data: 0.0031  max mem: 3896
Test:  [600/725]  eta: 0:00:34    time: 0.6644  data: 0.0033  max mem: 3896
Test:  [700/725]  eta: 0:00:06    time: 0.0678  data: 0.0028  max mem: 3896
Test: Total time: 0:03:19
global correct: 92.4
average row correct: ['97.0', '91.7', '67.8', '74.3', '63.1', '82.6', '89.9', '86.3', '94.0', '55.2', '59.7', '70.6', '63.3', '57.8', '85.6', '94.5', '66.6', '75.1', '69.5', '77.2', '88.2']
IoU: ['93.4', '85.0', '39.6', '70.9', '58.4', '70.7', '82.7', '77.2', '66.8', '41.3', '50.8', '57.5', '50.7', '53.1', '77.2', '87.2', '56.9', '60.0', '50.2', '72.8', '70.2']
mean IoU: 65.4
Epoch: [13]  [  0/183]  eta: 0:03:44  lr: 0.000041  loss: 0.6243 (0.6243)  time: 1.2283  data: 0.3480  max mem: 3896
Epoch: [13]  [ 20/183]  eta: 0:02:38  lr: 0.000040  loss: 0.0689 (0.4301)  time: 0.9622  data: 0.0041  max mem: 3896
Epoch: [13]  [ 40/183]  eta: 0:02:19  lr: 0.000040  loss: 0.3664 (0.5309)  time: 0.9714  data: 0.0043  max mem: 3896
Epoch: [13]  [ 60/183]  eta: 0:01:59  lr: 0.000039  loss: 0.2627 (0.5762)  time: 0.9683  data: 0.0046  max mem: 3896
Epoch: [13]  [ 80/183]  eta: 0:01:40  lr: 0.000038  loss: 0.8226 (0.5516)  time: 0.9752  data: 0.0045  max mem: 3896
Epoch: [13]  [100/183]  eta: 0:01:20  lr: 0.000038  loss: 1.1038 (0.5744)  time: 0.9575  data: 0.0043  max mem: 3896
Epoch: [13]  [120/183]  eta: 0:01:00  lr: 0.000037  loss: 0.1878 (0.6016)  time: 0.9609  data: 0.0042  max mem: 3896
Epoch: [13]  [140/183]  eta: 0:00:41  lr: 0.000037  loss: 0.4055 (0.6142)  time: 0.9936  data: 0.0043  max mem: 3896
Epoch: [13]  [160/183]  eta: 0:00:22  lr: 0.000036  loss: 2.0334 (0.6251)  time: 0.9768  data: 0.0043  max mem: 3896
Epoch: [13]  [180/183]  eta: 0:00:02  lr: 0.000035  loss: 0.2994 (0.6393)  time: 0.9837  data: 0.0047  max mem: 3896
Epoch: [13] Total time: 0:02:58
Test:  [  0/725]  eta: 0:31:40    time: 2.6221  data: 0.2557  max mem: 3896
Test:  [100/725]  eta: 0:02:36    time: 0.0682  data: 0.0030  max mem: 3896
Test:  [200/725]  eta: 0:02:26    time: 0.0659  data: 0.0028  max mem: 3896
Test:  [300/725]  eta: 0:02:02    time: 0.6627  data: 0.0031  max mem: 3896
Test:  [400/725]  eta: 0:01:25    time: 0.0664  data: 0.0026  max mem: 3896
Test:  [500/725]  eta: 0:01:01    time: 0.0723  data: 0.0028  max mem: 3896
Test:  [600/725]  eta: 0:00:34    time: 0.6621  data: 0.0029  max mem: 3896
Test:  [700/725]  eta: 0:00:06    time: 0.0672  data: 0.0027  max mem: 3896
Test: Total time: 0:03:18
global correct: 91.9
average row correct: ['96.8', '85.3', '68.9', '64.9', '64.8', '82.1', '77.5', '88.4', '58.2', '57.4', '69.1', '72.1', '89.2', '61.7', '77.0', '95.4', '70.9', '69.9', '68.5', '81.6', '88.1']
IoU: ['93.3', '82.4', '39.8', '63.0', '58.3', '69.9', '73.9', '73.3', '52.8', '41.7', '57.7', '57.5', '50.3', '56.0', '72.9', '86.5', '57.5', '60.1', '50.6', '72.1', '70.1']
mean IoU: 63.8
Epoch: [14]  [  0/183]  eta: 0:03:55  lr: 0.000035  loss: 0.3300 (0.3300)  time: 1.2864  data: 0.3959  max mem: 3896
Epoch: [14]  [ 20/183]  eta: 0:02:38  lr: 0.000035  loss: 0.2717 (0.5353)  time: 0.9593  data: 0.0042  max mem: 3896
Epoch: [14]  [ 40/183]  eta: 0:02:18  lr: 0.000034  loss: 0.4998 (0.6218)  time: 0.9596  data: 0.0042  max mem: 3896
Epoch: [14]  [ 60/183]  eta: 0:01:58  lr: 0.000034  loss: 0.1763 (0.6154)  time: 0.9516  data: 0.0044  max mem: 3896
Epoch: [14]  [ 80/183]  eta: 0:01:40  lr: 0.000033  loss: 0.3618 (0.6081)  time: 1.0088  data: 0.0043  max mem: 3896
Epoch: [14]  [100/183]  eta: 0:01:21  lr: 0.000032  loss: 0.3211 (0.5825)  time: 0.9850  data: 0.0042  max mem: 3896
Epoch: [14]  [120/183]  eta: 0:01:01  lr: 0.000032  loss: 0.3553 (0.5964)  time: 0.9891  data: 0.0042  max mem: 3896
Epoch: [14]  [140/183]  eta: 0:00:42  lr: 0.000031  loss: 1.6391 (0.6088)  time: 0.9871  data: 0.0043  max mem: 3896
Epoch: [14]  [160/183]  eta: 0:00:22  lr: 0.000031  loss: 0.1902 (0.6135)  time: 0.9947  data: 0.0043  max mem: 3896
Epoch: [14]  [180/183]  eta: 0:00:02  lr: 0.000030  loss: 0.9596 (0.6329)  time: 0.9839  data: 0.0043  max mem: 3896
Epoch: [14] Total time: 0:02:59
Test:  [  0/725]  eta: 0:42:13    time: 3.4951  data: 0.2381  max mem: 3896
Test:  [100/725]  eta: 0:02:42    time: 0.0677  data: 0.0027  max mem: 3896
Test:  [200/725]  eta: 0:02:28    time: 0.0680  data: 0.0029  max mem: 3896
Test:  [300/725]  eta: 0:02:03    time: 0.6645  data: 0.0035  max mem: 3896
Test:  [400/725]  eta: 0:01:29    time: 0.2660  data: 0.0027  max mem: 3896
Test:  [500/725]  eta: 0:01:01    time: 0.0723  data: 0.0031  max mem: 3896
Test:  [600/725]  eta: 0:00:34    time: 0.0679  data: 0.0029  max mem: 3896
Test:  [700/725]  eta: 0:00:07    time: 0.6624  data: 0.0035  max mem: 3896
Test: Total time: 0:03:19
global correct: 91.8
average row correct: ['96.8', '81.4', '66.7', '72.0', '63.6', '79.7', '87.2', '84.6', '96.0', '55.9', '35.2', '71.4', '52.1', '53.2', '83.7', '95.1', '68.8', '65.0', '71.5', '90.8', '88.2']
IoU: ['93.4', '79.6', '39.9', '67.4', '57.6', '69.1', '82.3', '76.8', '60.1', '40.4', '32.6', '57.3', '39.1', '49.7', '76.3', '86.1', '58.4', '54.5', '49.8', '75.3', '69.2']
mean IoU: 62.6
Epoch: [15]  [  0/183]  eta: 0:03:55  lr: 0.000030  loss: 0.4515 (0.4515)  time: 1.2855  data: 0.3439  max mem: 3896
Epoch: [15]  [ 20/183]  eta: 0:03:05  lr: 0.000029  loss: 1.2786 (0.6818)  time: 1.1321  data: 0.0042  max mem: 3896
Epoch: [15]  [ 40/183]  eta: 0:02:31  lr: 0.000029  loss: 0.8620 (0.7386)  time: 0.9746  data: 0.0045  max mem: 3896
Epoch: [15]  [ 60/183]  eta: 0:02:11  lr: 0.000028  loss: 0.3837 (0.7234)  time: 1.0796  data: 0.0051  max mem: 3896
Epoch: [15]  [ 80/183]  eta: 0:01:48  lr: 0.000028  loss: 0.7366 (0.6903)  time: 0.9993  data: 0.0050  max mem: 3896
Epoch: [15]  [100/183]  eta: 0:01:26  lr: 0.000027  loss: 1.4443 (0.6826)  time: 1.0236  data: 0.0050  max mem: 3896
Epoch: [15]  [120/183]  eta: 0:01:05  lr: 0.000026  loss: 0.1018 (0.6717)  time: 1.0630  data: 0.0046  max mem: 3896
Epoch: [15]  [140/183]  eta: 0:00:44  lr: 0.000026  loss: 0.7566 (0.6724)  time: 1.0078  data: 0.0046  max mem: 3896
Epoch: [15]  [160/183]  eta: 0:00:24  lr: 0.000025  loss: 0.3921 (0.6629)  time: 1.0935  data: 0.0046  max mem: 3896
Epoch: [15]  [180/183]  eta: 0:00:03  lr: 0.000025  loss: 1.8904 (0.6790)  time: 1.0127  data: 0.0049  max mem: 3896
Epoch: [15] Total time: 0:03:11
Test:  [  0/725]  eta: 0:16:04    time: 1.3307  data: 0.4572  max mem: 3896
Test:  [100/725]  eta: 0:02:53    time: 0.0687  data: 0.0030  max mem: 3896
Test:  [200/725]  eta: 0:02:33    time: 0.0669  data: 0.0030  max mem: 3896
Test:  [300/725]  eta: 0:02:06    time: 0.6670  data: 0.0032  max mem: 3896
Test:  [400/725]  eta: 0:01:27    time: 0.0665  data: 0.0027  max mem: 3896
Test:  [500/725]  eta: 0:01:02    time: 0.0737  data: 0.0031  max mem: 3896
Test:  [600/725]  eta: 0:00:35    time: 0.6645  data: 0.0034  max mem: 3896
Test:  [700/725]  eta: 0:00:07    time: 0.6619  data: 0.0033  max mem: 3896
Test: Total time: 0:03:21
global correct: 90.9
average row correct: ['97.0', '84.1', '67.8', '76.5', '68.0', '81.6', '93.1', '87.4', '70.6', '56.4', '27.2', '71.8', '42.6', '38.1', '87.8', '94.6', '68.7', '63.9', '67.6', '77.3', '88.7']
IoU: ['93.2', '82.0', '40.1', '60.6', '60.7', '69.9', '83.2', '78.0', '44.3', '41.8', '24.7', '57.5', '27.0', '36.6', '76.9', '85.7', '57.5', '49.5', '50.7', '72.9', '68.5']
mean IoU: 60.1
Epoch: [16]  [  0/183]  eta: 0:09:32  lr: 0.000025  loss: 0.5940 (0.5940)  time: 3.1268  data: 2.2490  max mem: 3896
Epoch: [16]  [ 20/183]  eta: 0:03:30  lr: 0.000024  loss: 0.2104 (0.5837)  time: 1.2025  data: 0.0047  max mem: 3896
Epoch: [16]  [ 40/183]  eta: 0:02:43  lr: 0.000023  loss: 0.3103 (0.5761)  time: 0.9841  data: 0.0047  max mem: 3896
Epoch: [16]  [ 60/183]  eta: 0:02:14  lr: 0.000023  loss: 1.1059 (0.6419)  time: 0.9927  data: 0.0048  max mem: 3896
Epoch: [16]  [ 80/183]  eta: 0:01:50  lr: 0.000022  loss: 0.6593 (0.6451)  time: 0.9945  data: 0.0042  max mem: 3896
Epoch: [16]  [100/183]  eta: 0:01:28  lr: 0.000022  loss: 0.4716 (0.6106)  time: 1.0390  data: 0.0045  max mem: 3896
Epoch: [16]  [120/183]  eta: 0:01:06  lr: 0.000021  loss: 2.0154 (0.6085)  time: 0.9859  data: 0.0046  max mem: 3896
Epoch: [16]  [140/183]  eta: 0:00:44  lr: 0.000020  loss: 1.7205 (0.6173)  time: 0.9904  data: 0.0045  max mem: 3896
Epoch: [16]  [160/183]  eta: 0:00:23  lr: 0.000020  loss: 1.5441 (0.6124)  time: 1.0386  data: 0.0044  max mem: 3896
Epoch: [16]  [180/183]  eta: 0:00:03  lr: 0.000019  loss: 0.3532 (0.6217)  time: 0.9981  data: 0.0043  max mem: 3896
Epoch: [16] Total time: 0:03:09
Test:  [  0/725]  eta: 0:52:42    time: 4.3614  data: 0.3000  max mem: 3896
Test:  [100/725]  eta: 0:03:12    time: 0.0685  data: 0.0028  max mem: 3896
Test:  [200/725]  eta: 0:02:41    time: 0.0665  data: 0.0029  max mem: 3896
Test:  [300/725]  eta: 0:02:16    time: 0.8652  data: 0.0033  max mem: 3896
Test:  [400/725]  eta: 0:01:49    time: 0.0641  data: 0.0027  max mem: 3896
Test:  [500/725]  eta: 0:01:14    time: 0.6717  data: 0.0033  max mem: 3896
Test:  [600/725]  eta: 0:00:38    time: 0.0691  data: 0.0028  max mem: 3896
Test:  [700/725]  eta: 0:00:07    time: 0.0676  data: 0.0027  max mem: 3896
Test: Total time: 0:03:48
global correct: 91.9
average row correct: ['97.1', '77.8', '68.9', '88.0', '52.8', '78.8', '83.4', '87.3', '94.8', '54.4', '61.9', '70.4', '54.4', '42.8', '75.4', '94.8', '64.8', '70.3', '68.4', '78.0', '88.8']
IoU: ['93.2', '76.4', '41.3', '73.0', '49.0', '68.4', '76.9', '73.5', '63.2', '40.8', '50.2', '57.1', '44.7', '41.6', '71.6', '86.8', '57.2', '60.1', '50.4', '70.2', '68.2']
mean IoU: 62.6
Epoch: [17]  [  0/183]  eta: 0:03:57  lr: 0.000019  loss: 0.2967 (0.2967)  time: 1.2964  data: 0.3978  max mem: 3896
Epoch: [17]  [ 20/183]  eta: 0:02:43  lr: 0.000018  loss: 0.3484 (0.6361)  time: 0.9895  data: 0.0047  max mem: 3896
Epoch: [17]  [ 40/183]  eta: 0:02:23  lr: 0.000018  loss: 1.6782 (0.6467)  time: 1.0012  data: 0.0044  max mem: 3896
Epoch: [17]  [ 60/183]  eta: 0:02:02  lr: 0.000017  loss: 0.2626 (0.6332)  time: 0.9885  data: 0.0045  max mem: 3896
Epoch: [17]  [ 80/183]  eta: 0:01:42  lr: 0.000016  loss: 0.1297 (0.6223)  time: 0.9972  data: 0.0048  max mem: 3896
Epoch: [17]  [100/183]  eta: 0:01:23  lr: 0.000016  loss: 0.5532 (0.6530)  time: 1.0107  data: 0.0047  max mem: 3896
Epoch: [17]  [120/183]  eta: 0:01:07  lr: 0.000015  loss: 0.1974 (0.6583)  time: 1.3837  data: 0.0050  max mem: 3896
Epoch: [17]  [140/183]  eta: 0:00:45  lr: 0.000015  loss: 0.9521 (0.6771)  time: 1.0264  data: 0.0046  max mem: 3896
Epoch: [17]  [160/183]  eta: 0:00:24  lr: 0.000014  loss: 0.6832 (0.6713)  time: 1.1755  data: 0.0046  max mem: 3896
Epoch: [17]  [180/183]  eta: 0:00:03  lr: 0.000013  loss: 0.2031 (0.6553)  time: 0.9758  data: 0.0050  max mem: 3896
Epoch: [17] Total time: 0:03:14
Test:  [  0/725]  eta: 0:06:44    time: 0.5584  data: 0.2927  max mem: 3896
Test:  [100/725]  eta: 0:02:48    time: 0.0697  data: 0.0030  max mem: 3896
Test:  [200/725]  eta: 0:02:31    time: 0.0673  data: 0.0031  max mem: 3896
Test:  [300/725]  eta: 0:02:05    time: 0.6681  data: 0.0035  max mem: 3896
Test:  [400/725]  eta: 0:01:26    time: 0.0665  data: 0.0030  max mem: 3896
Test:  [500/725]  eta: 0:01:01    time: 0.0737  data: 0.0028  max mem: 3896
Test:  [600/725]  eta: 0:00:35    time: 0.2654  data: 0.0033  max mem: 3896
Test:  [700/725]  eta: 0:00:07    time: 0.6656  data: 0.0033  max mem: 3896
Test: Total time: 0:03:20
global correct: 92.2
average row correct: ['97.1', '89.4', '67.3', '69.9', '52.1', '83.6', '91.5', '85.8', '91.2', '56.3', '34.2', '71.7', '74.6', '73.1', '73.5', '94.4', '66.7', '61.7', '69.2', '74.7', '88.9']
IoU: ['93.3', '85.3', '40.8', '67.0', '49.7', '70.4', '80.5', '75.9', '68.6', '41.0', '33.0', '58.7', '52.6', '58.6', '70.4', '87.3', '57.8', '55.8', '50.4', '69.5', '69.1']
mean IoU: 63.6
Epoch: [18]  [  0/183]  eta: 0:03:56  lr: 0.000013  loss: 0.3038 (0.3038)  time: 1.2921  data: 0.3199  max mem: 3896
Epoch: [18]  [ 20/183]  eta: 0:03:04  lr: 0.000013  loss: 0.5179 (0.6165)  time: 1.1258  data: 0.0506  max mem: 3896
Epoch: [18]  [ 40/183]  eta: 0:02:32  lr: 0.000012  loss: 0.4258 (0.6248)  time: 0.9969  data: 0.0042  max mem: 3896
Epoch: [18]  [ 60/183]  eta: 0:02:07  lr: 0.000011  loss: 0.7982 (0.6512)  time: 0.9828  data: 0.0044  max mem: 3896
Epoch: [18]  [ 80/183]  eta: 0:01:45  lr: 0.000011  loss: 0.4115 (0.6386)  time: 0.9925  data: 0.0044  max mem: 3896
Epoch: [18]  [100/183]  eta: 0:01:24  lr: 0.000010  loss: 0.7478 (0.6189)  time: 0.9840  data: 0.0043  max mem: 3896
Epoch: [18]  [120/183]  eta: 0:01:04  lr: 0.000009  loss: 0.1341 (0.6258)  time: 1.0024  data: 0.0042  max mem: 3896
Epoch: [18]  [140/183]  eta: 0:00:43  lr: 0.000009  loss: 0.7055 (0.6069)  time: 1.0238  data: 0.0046  max mem: 3896
Epoch: [18]  [160/183]  eta: 0:00:23  lr: 0.000008  loss: 0.3073 (0.5995)  time: 0.9907  data: 0.0047  max mem: 3896
Epoch: [18]  [180/183]  eta: 0:00:03  lr: 0.000007  loss: 0.7849 (0.5969)  time: 0.9901  data: 0.0043  max mem: 3896
Epoch: [18] Total time: 0:03:05
Test:  [  0/725]  eta: 0:07:00    time: 0.5804  data: 0.3182  max mem: 3896
Test:  [100/725]  eta: 0:01:59    time: 0.0689  data: 0.0028  max mem: 3896
Test:  [200/725]  eta: 0:02:10    time: 0.0664  data: 0.0026  max mem: 3896
Test:  [300/725]  eta: 0:01:53    time: 0.6634  data: 0.0034  max mem: 3896
Test:  [400/725]  eta: 0:01:20    time: 0.0675  data: 0.0027  max mem: 3896
Test:  [500/725]  eta: 0:00:58    time: 0.0721  data: 0.0026  max mem: 3896
Test:  [600/725]  eta: 0:00:33    time: 0.6621  data: 0.0037  max mem: 3896
Test:  [700/725]  eta: 0:00:06    time: 0.2692  data: 0.0028  max mem: 3896
Test: Total time: 0:03:12
global correct: 91.5
average row correct: ['96.8', '90.2', '70.0', '57.0', '63.5', '82.3', '90.5', '86.5', '81.7', '54.6', '30.9', '72.2', '70.4', '42.9', '82.5', '95.1', '68.2', '73.2', '71.8', '78.6', '87.5']
IoU: ['93.4', '84.6', '40.9', '55.2', '58.2', '71.0', '80.8', '75.6', '59.3', '40.8', '28.9', '57.6', '41.3', '41.2', '75.3', '85.8', '57.3', '54.2', '50.8', '72.1', '74.0']
mean IoU: 61.8
Epoch: [19]  [  0/183]  eta: 0:04:07  lr: 0.000007  loss: 1.1171 (1.1171)  time: 1.3506  data: 0.3718  max mem: 3896
Epoch: [19]  [ 20/183]  eta: 0:03:08  lr: 0.000006  loss: 0.2006 (0.5685)  time: 1.1450  data: 0.0042  max mem: 3896
Epoch: [19]  [ 40/183]  eta: 0:02:34  lr: 0.000006  loss: 1.3373 (0.7053)  time: 1.0042  data: 0.0044  max mem: 3896
Epoch: [19]  [ 60/183]  eta: 0:02:09  lr: 0.000005  loss: 0.3197 (0.6795)  time: 0.9838  data: 0.0044  max mem: 3896
Epoch: [19]  [ 80/183]  eta: 0:01:46  lr: 0.000004  loss: 0.1523 (0.6255)  time: 0.9794  data: 0.0043  max mem: 3896
Epoch: [19]  [100/183]  eta: 0:01:25  lr: 0.000003  loss: 0.8144 (0.6381)  time: 1.0095  data: 0.0045  max mem: 3896
Epoch: [19]  [120/183]  eta: 0:01:04  lr: 0.000003  loss: 0.9181 (0.6117)  time: 1.0207  data: 0.0044  max mem: 3896
Epoch: [19]  [140/183]  eta: 0:00:44  lr: 0.000002  loss: 0.4347 (0.6064)  time: 1.0050  data: 0.0048  max mem: 3896
Epoch: [19]  [160/183]  eta: 0:00:23  lr: 0.000001  loss: 0.3882 (0.5904)  time: 0.9913  data: 0.0043  max mem: 3896
Epoch: [19]  [180/183]  eta: 0:00:03  lr: 0.000000  loss: 0.7455 (0.5827)  time: 0.9940  data: 0.0044  max mem: 3896
Epoch: [19] Total time: 0:03:06
Test:  [  0/725]  eta: 0:04:29    time: 0.3712  data: 0.3029  max mem: 3896
Test:  [100/725]  eta: 0:01:58    time: 0.0689  data: 0.0026  max mem: 3896
Test:  [200/725]  eta: 0:02:10    time: 0.0673  data: 0.0028  max mem: 3896
Test:  [300/725]  eta: 0:01:53    time: 0.6642  data: 0.0031  max mem: 3896
Test:  [400/725]  eta: 0:01:20    time: 0.0689  data: 0.0029  max mem: 3896
Test:  [500/725]  eta: 0:00:58    time: 0.0732  data: 0.0030  max mem: 3896
Test:  [600/725]  eta: 0:00:33    time: 0.0675  data: 0.0029  max mem: 3896
Test:  [700/725]  eta: 0:00:06    time: 0.4653  data: 0.0029  max mem: 3896
Test: Total time: 0:03:12
global correct: 92.2
average row correct: ['97.0', '87.7', '69.9', '65.0', '53.0', '80.9', '92.9', '87.0', '91.2', '56.9', '44.7', '71.7', '80.0', '66.3', '77.8', '94.3', '66.5', '56.9', '70.6', '72.8', '88.9']
IoU: ['93.3', '84.4', '41.4', '62.8', '50.1', '69.7', '79.9', '75.8', '71.6', '41.7', '40.7', '57.7', '54.2', '56.7', '73.6', '87.5', '57.3', '53.0', '50.3', '68.0', '69.3']
mean IoU: 63.8
Training time 2:00:42
